<?xml version="1.0" encoding="UTF-8"?>
<!-- Generated by org.testng.reporters.JUnitReportReporter -->
<testsuite hostname="DESKTOP-KQ7RV25" failures="0" tests="5" name="swaglabsTestPage.run" time="224.466" errors="0" timestamp="2024-01-20T18:43:07 IST" skipped="0">
  <testcase classname="swaglabsTestPage.run" name="runp" time="34.585"/>
  <testcase classname="swaglabsTestPage.run" name="runp" time="34.925"/>
  <testcase classname="swaglabsTestPage.run" name="runp" time="45.701"/>
  <testcase classname="swaglabsTestPage.run" name="runp" time="26.706"/>
  <testcase classname="swaglabsTestPage.run" name="runp" time="82.549"/>
</testsuite> <!-- swaglabsTestPage.run -->
