<?xml version="1.0" encoding="UTF-8"?>
<!-- Generated by org.testng.reporters.JUnitReportReporter -->
<testsuite hostname="DESKTOP-KQ7RV25" failures="0" tests="7" name="swaglabsTestPage.LoginTestRun" time="329.981" errors="0" timestamp="2024-01-20T20:21:56 IST" skipped="0">
  <testcase classname="swaglabsTestPage.LoginTestRun" name="login" time="51.387"/>
  <testcase classname="swaglabsTestPage.LoginTestRun" name="login" time="47.675"/>
  <testcase classname="swaglabsTestPage.LoginTestRun" name="login" time="39.622"/>
  <testcase classname="swaglabsTestPage.LoginTestRun" name="login" time="40.818"/>
  <testcase classname="swaglabsTestPage.LoginTestRun" name="login" time="71.346"/>
  <testcase classname="swaglabsTestPage.LoginTestRun" name="login" time="30.423"/>
  <testcase classname="swaglabsTestPage.LoginTestRun" name="login" time="48.710"/>
</testsuite> <!-- swaglabsTestPage.LoginTestRun -->
