<?xml version="1.0" encoding="UTF-8"?>
<!-- Generated by org.testng.reporters.JUnitReportReporter -->
<testsuite hostname="DESKTOP-KQ7RV25" failures="0" tests="7" name="swaglabsTestPage.LoginTestRun" time="273.176" errors="0" timestamp="2024-01-20T20:43:07 IST" skipped="0">
  <testcase classname="swaglabsTestPage.LoginTestRun" name="login" time="55.202"/>
  <testcase classname="swaglabsTestPage.LoginTestRun" name="login" time="39.384"/>
  <testcase classname="swaglabsTestPage.LoginTestRun" name="login" time="32.025"/>
  <testcase classname="swaglabsTestPage.LoginTestRun" name="login" time="35.598"/>
  <testcase classname="swaglabsTestPage.LoginTestRun" name="login" time="43.119"/>
  <testcase classname="swaglabsTestPage.LoginTestRun" name="login" time="34.950"/>
  <testcase classname="swaglabsTestPage.LoginTestRun" name="login" time="32.898"/>
</testsuite> <!-- swaglabsTestPage.LoginTestRun -->
