<?xml version="1.0" encoding="UTF-8"?>
<!-- Generated by org.testng.reporters.JUnitReportReporter -->
<testsuite hostname="DESKTOP-KQ7RV25" failures="0" tests="7" name="swaglabsTestPage.LoginTestRun" time="217.485" errors="0" timestamp="2024-01-20T19:16:50 IST" skipped="0">
  <testcase classname="swaglabsTestPage.LoginTestRun" name="login" time="29.244"/>
  <testcase classname="swaglabsTestPage.LoginTestRun" name="login" time="27.914"/>
  <testcase classname="swaglabsTestPage.LoginTestRun" name="login" time="28.854"/>
  <testcase classname="swaglabsTestPage.LoginTestRun" name="login" time="37.154"/>
  <testcase classname="swaglabsTestPage.LoginTestRun" name="login" time="28.016"/>
  <testcase classname="swaglabsTestPage.LoginTestRun" name="login" time="33.045"/>
  <testcase classname="swaglabsTestPage.LoginTestRun" name="login" time="33.258"/>
</testsuite> <!-- swaglabsTestPage.LoginTestRun -->
